# JRE version: Java(TM) SE Runtime Environment (18.0.1.1+2) (build 18.0.1.1+2-6)
# Java VM: Java HotSpot(TM) 64-Bit Server VM (18.0.1.1+2-6, mixed mode, sharing, tiered, compressed oops, compressed class ptrs, g1 gc, windows-amd64)
GC Precious Log:
 CardTable entry size: 512
 Card Set container configuration: InlinePtr #cards 5 size 8 Array Of Cards #cards 12 size 40 Howl #buckets 4 coarsen threshold 1843 Howl Bitmap #cards 512 size 80 coarsen threshold 460 Card regions per heap region 1 cards per card region 2048
 CPUs: 12 total, 12 available
 Memory: 7947M
 Large Page Support: Disabled
 NUMA Support: Disabled
 Compressed Oops: Enabled (32-bit)
 Heap Region Size: 1M
 Heap Min Capacity: 8M
 Heap Initial Capacity: 126M
 Heap Max Capacity: 2G
 Pre-touch: Disabled
 Parallel Workers: 10
 Concurrent Workers: 3
 Concurrent Refinement Workers: 10
 Periodic GC: Disabled
Heap:
 garbage-first heap   total 551936K, used 141149K [0x0000000080000000, 0x0000000100000000)
  region size 1024K, 25 young (25600K), 25 survivors (25600K)
 Metaspace       used 38473K, committed 39872K, reserved 1114112K
  class space    used 5350K, committed 6080K, reserved 1048576K
GC Heap History (20 events):
Event: 16.528 GC heap after
{Heap after GC invocations=43 (full 0):
 garbage-first heap   total 487424K, used 120487K [0x0000000080000000, 0x0000000100000000)
  region size 1024K, 16 young (16384K), 16 survivors (16384K)
 Metaspace       used 38468K, committed 39872K, reserved 1114112K
  class space    used 5350K, committed 6080K, reserved 1048576K
}
Event: 16.863 GC heap before
{Heap before GC invocations=43 (full 0):
 garbage-first heap   total 487424K, used 397991K [0x0000000080000000, 0x0000000100000000)
  region size 1024K, 285 young (291840K), 16 survivors (16384K)
 Metaspace       used 38470K, committed 39872K, reserved 1114112K
  class space    used 5350K, committed 6080K, reserved 1048576K
}
Event: 16.873 GC heap after
{Heap after GC invocations=44 (full 0):
 garbage-first heap   total 487424K, used 113623K [0x0000000080000000, 0x0000000100000000)
  region size 1024K, 12 young (12288K), 12 survivors (12288K)
 Metaspace       used 38470K, committed 39872K, reserved 1114112K
  class space    used 5350K, committed 6080K, reserved 1048576K
}
Event: 17.296 GC heap before
{Heap before GC invocations=44 (full 0):
 garbage-first heap   total 487424K, used 393175K [0x0000000080000000, 0x0000000100000000)
  region size 1024K, 285 young (291840K), 12 survivors (12288K)
 Metaspace       used 38471K, committed 39872K, reserved 1114112K
  class space    used 5350K, committed 6080K, reserved 1048576K
}
Event: 17.308 GC heap after
{Heap after GC invocations=45 (full 0):
 garbage-first heap   total 487424K, used 115522K [0x0000000080000000, 0x0000000100000000)
  region size 1024K, 14 young (14336K), 14 survivors (14336K)
 Metaspace       used 38471K, committed 39872K, reserved 1114112K
  class space    used 5350K, committed 6080K, reserved 1048576K
}
Event: 17.757 GC heap before
{Heap before GC invocations=45 (full 0):
 garbage-first heap   total 487424K, used 397122K [0x0000000080000000, 0x0000000100000000)
  region size 1024K, 285 young (291840K), 14 survivors (14336K)
 Metaspace       used 38472K, committed 39872K, reserved 1114112K
  class space    used 5350K, committed 6080K, reserved 1048576K
}
Event: 17.775 GC heap after
{Heap after GC invocations=46 (full 0):
 garbage-first heap   total 487424K, used 118947K [0x0000000080000000, 0x0000000100000000)
  region size 1024K, 17 young (17408K), 17 survivors (17408K)
 Metaspace       used 38472K, committed 39872K, reserved 1114112K
  class space    used 5350K, committed 6080K, reserved 1048576K
}
Event: 18.257 GC heap before
{Heap before GC invocations=46 (full 0):
 garbage-first heap   total 487424K, used 402595K [0x0000000080000000, 0x0000000100000000)
  region size 1024K, 285 young (291840K), 17 survivors (17408K)
 Metaspace       used 38472K, committed 39872K, reserved 1114112K
  class space    used 5350K, committed 6080K, reserved 1048576K
}
Event: 18.277 GC heap after
{Heap after GC invocations=47 (full 0):
 garbage-first heap   total 487424K, used 122019K [0x0000000080000000, 0x0000000100000000)
  region size 1024K, 20 young (20480K), 20 survivors (20480K)
 Metaspace       used 38472K, committed 39872K, reserved 1114112K
  class space    used 5350K, committed 6080K, reserved 1048576K
}
Event: 18.743 GC heap before
{Heap before GC invocations=47 (full 0):
 garbage-first heap   total 487424K, used 396451K [0x0000000080000000, 0x0000000100000000)
  region size 1024K, 285 young (291840K), 20 survivors (20480K)
 Metaspace       used 38473K, committed 39872K, reserved 1114112K
  class space    used 5350K, committed 6080K, reserved 1048576K
}
Event: 18.772 GC heap after
{Heap after GC invocations=48 (full 0):
 garbage-first heap   total 487424K, used 125840K [0x0000000080000000, 0x0000000100000000)
  region size 1024K, 22 young (22528K), 22 survivors (22528K)
 Metaspace       used 38473K, committed 39872K, reserved 1114112K
  class space    used 5350K, committed 6080K, reserved 1048576K
}
Event: 19.294 GC heap before
{Heap before GC invocations=48 (full 0):
 garbage-first heap   total 487424K, used 395152K [0x0000000080000000, 0x0000000100000000)
  region size 1024K, 285 young (291840K), 22 survivors (22528K)
 Metaspace       used 38473K, committed 39872K, reserved 1114112K
  class space    used 5350K, committed 6080K, reserved 1048576K
}
Event: 19.331 GC heap after
{Heap after GC invocations=49 (full 0):
 garbage-first heap   total 551936K, used 129744K [0x0000000080000000, 0x0000000100000000)
  region size 1024K, 23 young (23552K), 23 survivors (23552K)
 Metaspace       used 38473K, committed 39872K, reserved 1114112K
  class space    used 5350K, committed 6080K, reserved 1048576K
}
Event: 19.890 GC heap before
{Heap before GC invocations=49 (full 0):
 garbage-first heap   total 551936K, used 436944K [0x0000000080000000, 0x0000000100000000)
  region size 1024K, 323 young (330752K), 23 survivors (23552K)
 Metaspace       used 38473K, committed 39872K, reserved 1114112K
  class space    used 5350K, committed 6080K, reserved 1048576K
}
Event: 19.921 GC heap after
{Heap after GC invocations=50 (full 0):
 garbage-first heap   total 551936K, used 131818K [0x0000000080000000, 0x0000000100000000)
  region size 1024K, 25 young (25600K), 25 survivors (25600K)
 Metaspace       used 38473K, committed 39872K, reserved 1114112K
  class space    used 5350K, committed 6080K, reserved 1048576K
}
Event: 20.427 GC heap before
{Heap before GC invocations=50 (full 0):
 garbage-first heap   total 551936K, used 436970K [0x0000000080000000, 0x0000000100000000)
  region size 1024K, 323 young (330752K), 25 survivors (25600K)
 Metaspace       used 38473K, committed 39872K, reserved 1114112K
  class space    used 5350K, committed 6080K, reserved 1048576K
}
Event: 20.461 GC heap after
{Heap after GC invocations=51 (full 0):
 garbage-first heap   total 551936K, used 134650K [0x0000000080000000, 0x0000000100000000)
  region size 1024K, 25 young (25600K), 25 survivors (25600K)
 Metaspace       used 38473K, committed 39872K, reserved 1114112K
  class space    used 5350K, committed 6080K, reserved 1048576K
}
Event: 20.973 GC heap before
{Heap before GC invocations=51 (full 0):
 garbage-first heap   total 551936K, used 439802K [0x0000000080000000, 0x0000000100000000)
  region size 1024K, 323 young (330752K), 25 survivors (25600K)
 Metaspace       used 38473K, committed 39872K, reserved 1114112K
  class space    used 5350K, committed 6080K, reserved 1048576K
}
Event: 21.011 GC heap after
{Heap after GC invocations=52 (full 0):
 garbage-first heap   total 551936K, used 138714K [0x0000000080000000, 0x0000000100000000)
  region size 1024K, 25 young (25600K), 25 survivors (25600K)
 Metaspace       used 38473K, committed 39872K, reserved 1114112K
  class space    used 5350K, committed 6080K, reserved 1048576K
}
Event: 21.497 GC heap before
{Heap before GC invocations=52 (full 0):
 garbage-first heap   total 551936K, used 458202K [0x0000000080000000, 0x0000000100000000)
  region size 1024K, 323 young (330752K), 25 survivors (25600K)
 Metaspace       used 38473K, committed 39872K, reserved 1114112K
  class space    used 5350K, committed 6080K, reserved 1048576K
}

