# JRE version: Java(TM) SE Runtime Environment (18.0.1.1+2) (build 18.0.1.1+2-6)
# Java VM: Java HotSpot(TM) 64-Bit Server VM (18.0.1.1+2-6, mixed mode, sharing, tiered, compressed oops, compressed class ptrs, g1 gc, windows-amd64)
GC Precious Log:
 CardTable entry size: 512
 Card Set container configuration: InlinePtr #cards 5 size 8 Array Of Cards #cards 12 size 40 Howl #buckets 4 coarsen threshold 1843 Howl Bitmap #cards 512 size 80 coarsen threshold 460 Card regions per heap region 1 cards per card region 2048
 CPUs: 12 total, 12 available
 Memory: 7947M
 Large Page Support: Disabled
 NUMA Support: Disabled
 Compressed Oops: Enabled (32-bit)
 Heap Region Size: 1M
 Heap Min Capacity: 8M
 Heap Initial Capacity: 126M
 Heap Max Capacity: 2G
 Pre-touch: Disabled
 Parallel Workers: 10
 Concurrent Workers: 3
 Concurrent Refinement Workers: 10
 Periodic GC: Disabled
Heap:
 garbage-first heap   total 598016K, used 473332K [0x0000000080000000, 0x0000000100000000)
  region size 1024K, 330 young (337920K), 22 survivors (22528K)
 Metaspace       used 44683K, committed 46336K, reserved 1114112K
  class space    used 6228K, committed 7040K, reserved 1048576K
GC Heap History (20 events):
Event: 12.874 GC heap before
{Heap before GC invocations=38 (full 0):
 garbage-first heap   total 282624K, used 249096K [0x0000000080000000, 0x0000000100000000)
  region size 1024K, 154 young (157696K), 13 survivors (13312K)
 Metaspace       used 38244K, committed 39616K, reserved 1114112K
  class space    used 5331K, committed 6016K, reserved 1048576K
}
Event: 12.890 GC heap after
{Heap after GC invocations=39 (full 0):
 garbage-first heap   total 282624K, used 97090K [0x0000000080000000, 0x0000000100000000)
  region size 1024K, 12 young (12288K), 12 survivors (12288K)
 Metaspace       used 38244K, committed 39616K, reserved 1114112K
  class space    used 5331K, committed 6016K, reserved 1048576K
}
Event: 13.155 GC heap before
{Heap before GC invocations=39 (full 0):
 garbage-first heap   total 282624K, used 240450K [0x0000000080000000, 0x0000000100000000)
  region size 1024K, 152 young (155648K), 12 survivors (12288K)
 Metaspace       used 38244K, committed 39616K, reserved 1114112K
  class space    used 5331K, committed 6016K, reserved 1048576K
}
Event: 13.170 GC heap after
{Heap after GC invocations=40 (full 0):
 garbage-first heap   total 377856K, used 98776K [0x0000000080000000, 0x0000000100000000)
  region size 1024K, 12 young (12288K), 12 survivors (12288K)
 Metaspace       used 38244K, committed 39616K, reserved 1114112K
  class space    used 5331K, committed 6016K, reserved 1048576K
}
Event: 13.550 GC heap before
{Heap before GC invocations=40 (full 0):
 garbage-first heap   total 377856K, used 315864K [0x0000000080000000, 0x0000000100000000)
  region size 1024K, 221 young (226304K), 12 survivors (12288K)
 Metaspace       used 38252K, committed 39616K, reserved 1114112K
  class space    used 5331K, committed 6016K, reserved 1048576K
}
Event: 13.568 GC heap after
{Heap after GC invocations=41 (full 0):
 garbage-first heap   total 377856K, used 101837K [0x0000000080000000, 0x0000000100000000)
  region size 1024K, 14 young (14336K), 14 survivors (14336K)
 Metaspace       used 38252K, committed 39616K, reserved 1114112K
  class space    used 5331K, committed 6016K, reserved 1048576K
}
Event: 13.902 GC heap before
{Heap before GC invocations=41 (full 0):
 garbage-first heap   total 377856K, used 313805K [0x0000000080000000, 0x0000000100000000)
  region size 1024K, 221 young (226304K), 14 survivors (14336K)
 Metaspace       used 38252K, committed 39616K, reserved 1114112K
  class space    used 5331K, committed 6016K, reserved 1048576K
}
Event: 13.922 GC heap after
{Heap after GC invocations=42 (full 0):
 garbage-first heap   total 377856K, used 104152K [0x0000000080000000, 0x0000000100000000)
  region size 1024K, 16 young (16384K), 16 survivors (16384K)
 Metaspace       used 38252K, committed 39616K, reserved 1114112K
  class space    used 5331K, committed 6016K, reserved 1048576K
}
Event: 14.233 GC heap before
{Heap before GC invocations=42 (full 0):
 garbage-first heap   total 377856K, used 314072K [0x0000000080000000, 0x0000000100000000)
  region size 1024K, 221 young (226304K), 16 survivors (16384K)
 Metaspace       used 38253K, committed 39616K, reserved 1114112K
  class space    used 5331K, committed 6016K, reserved 1048576K
}
Event: 14.255 GC heap after
{Heap after GC invocations=43 (full 0):
 garbage-first heap   total 377856K, used 106602K [0x0000000080000000, 0x0000000100000000)
  region size 1024K, 17 young (17408K), 17 survivors (17408K)
 Metaspace       used 38253K, committed 39616K, reserved 1114112K
  class space    used 5331K, committed 6016K, reserved 1048576K
}
Event: 14.578 GC heap before
{Heap before GC invocations=43 (full 0):
 garbage-first heap   total 377856K, used 315498K [0x0000000080000000, 0x0000000100000000)
  region size 1024K, 221 young (226304K), 17 survivors (17408K)
 Metaspace       used 38254K, committed 39616K, reserved 1114112K
  class space    used 5331K, committed 6016K, reserved 1048576K
}
Event: 14.601 GC heap after
{Heap after GC invocations=44 (full 0):
 garbage-first heap   total 498688K, used 107900K [0x0000000080000000, 0x0000000100000000)
  region size 1024K, 17 young (17408K), 17 survivors (17408K)
 Metaspace       used 38254K, committed 39616K, reserved 1114112K
  class space    used 5331K, committed 6016K, reserved 1048576K
}
Event: 15.072 GC heap before
{Heap before GC invocations=44 (full 0):
 garbage-first heap   total 498688K, used 389500K [0x0000000080000000, 0x0000000100000000)
  region size 1024K, 292 young (299008K), 17 survivors (17408K)
 Metaspace       used 38254K, committed 39616K, reserved 1114112K
  class space    used 5331K, committed 6016K, reserved 1048576K
}
Event: 15.098 GC heap after
{Heap after GC invocations=45 (full 0):
 garbage-first heap   total 498688K, used 111290K [0x0000000080000000, 0x0000000100000000)
  region size 1024K, 20 young (20480K), 20 survivors (20480K)
 Metaspace       used 38254K, committed 39616K, reserved 1114112K
  class space    used 5331K, committed 6016K, reserved 1048576K
}
Event: 15.539 GC heap before
{Heap before GC invocations=45 (full 0):
 garbage-first heap   total 498688K, used 389818K [0x0000000080000000, 0x0000000100000000)
  region size 1024K, 292 young (299008K), 20 survivors (20480K)
 Metaspace       used 38255K, committed 39616K, reserved 1114112K
  class space    used 5331K, committed 6016K, reserved 1048576K
}
Event: 15.565 GC heap after
{Heap after GC invocations=46 (full 0):
 garbage-first heap   total 498688K, used 113421K [0x0000000080000000, 0x0000000100000000)
  region size 1024K, 22 young (22528K), 22 survivors (22528K)
 Metaspace       used 38255K, committed 39616K, reserved 1114112K
  class space    used 5331K, committed 6016K, reserved 1048576K
}
Event: 15.989 GC heap before
{Heap before GC invocations=46 (full 0):
 garbage-first heap   total 498688K, used 389901K [0x0000000080000000, 0x0000000100000000)
  region size 1024K, 292 young (299008K), 22 survivors (22528K)
 Metaspace       used 38255K, committed 39616K, reserved 1114112K
  class space    used 5331K, committed 6016K, reserved 1048576K
}
Event: 16.019 GC heap after
{Heap after GC invocations=47 (full 0):
 garbage-first heap   total 498688K, used 116537K [0x0000000080000000, 0x0000000100000000)
  region size 1024K, 23 young (23552K), 23 survivors (23552K)
 Metaspace       used 38255K, committed 39616K, reserved 1114112K
  class space    used 5331K, committed 6016K, reserved 1048576K
}
Event: 16.452 GC heap before
{Heap before GC invocations=47 (full 0):
 garbage-first heap   total 498688K, used 405305K [0x0000000080000000, 0x0000000100000000)
  region size 1024K, 292 young (299008K), 23 survivors (23552K)
 Metaspace       used 38255K, committed 39616K, reserved 1114112K
  class space    used 5331K, committed 6016K, reserved 1048576K
}
Event: 16.481 GC heap after
{Heap after GC invocations=48 (full 0):
 garbage-first heap   total 598016K, used 120052K [0x0000000080000000, 0x0000000100000000)
  region size 1024K, 22 young (22528K), 22 survivors (22528K)
 Metaspace       used 38255K, committed 39616K, reserved 1114112K
  class space    used 5331K, committed 6016K, reserved 1048576K
}

