# JRE version: Java(TM) SE Runtime Environment (18.0.1.1+2) (build 18.0.1.1+2-6)
# Java VM: Java HotSpot(TM) 64-Bit Server VM (18.0.1.1+2-6, mixed mode, sharing, tiered, compressed oops, compressed class ptrs, g1 gc, windows-amd64)
GC Precious Log:
 CardTable entry size: 512
 Card Set container configuration: InlinePtr #cards 5 size 8 Array Of Cards #cards 12 size 40 Howl #buckets 4 coarsen threshold 1843 Howl Bitmap #cards 512 size 80 coarsen threshold 460 Card regions per heap region 1 cards per card region 2048
 CPUs: 12 total, 12 available
 Memory: 7947M
 Large Page Support: Disabled
 NUMA Support: Disabled
 Compressed Oops: Enabled (32-bit)
 Heap Region Size: 1M
 Heap Min Capacity: 8M
 Heap Initial Capacity: 126M
 Heap Max Capacity: 2G
 Pre-touch: Disabled
 Parallel Workers: 10
 Concurrent Workers: 3
 Concurrent Refinement Workers: 10
 Periodic GC: Disabled
Heap:
 garbage-first heap   total 441344K, used 98035K [0x0000000080000000, 0x0000000100000000)
  region size 1024K, 22 young (22528K), 22 survivors (22528K)
 Metaspace       used 38427K, committed 39744K, reserved 1114112K
  class space    used 5350K, committed 6016K, reserved 1048576K
GC Heap History (20 events):
Event: 15.833 GC heap after
{Heap after GC invocations=24 (full 0):
 garbage-first heap   total 319488K, used 83779K [0x0000000080000000, 0x0000000100000000)
  region size 1024K, 15 young (15360K), 15 survivors (15360K)
 Metaspace       used 38407K, committed 39744K, reserved 1114112K
  class space    used 5350K, committed 6016K, reserved 1048576K
}
Event: 17.164 GC heap before
{Heap before GC invocations=24 (full 0):
 garbage-first heap   total 319488K, used 260931K [0x0000000080000000, 0x0000000100000000)
  region size 1024K, 187 young (191488K), 15 survivors (15360K)
 Metaspace       used 38409K, committed 39744K, reserved 1114112K
  class space    used 5350K, committed 6016K, reserved 1048576K
}
Event: 17.186 GC heap after
{Heap after GC invocations=25 (full 0):
 garbage-first heap   total 319488K, used 86008K [0x0000000080000000, 0x0000000100000000)
  region size 1024K, 14 young (14336K), 14 survivors (14336K)
 Metaspace       used 38409K, committed 39744K, reserved 1114112K
  class space    used 5350K, committed 6016K, reserved 1048576K
}
Event: 19.358 GC heap before
{Heap before GC invocations=25 (full 0):
 garbage-first heap   total 319488K, used 265208K [0x0000000080000000, 0x0000000100000000)
  region size 1024K, 187 young (191488K), 14 survivors (14336K)
 Metaspace       used 38412K, committed 39744K, reserved 1114112K
  class space    used 5350K, committed 6016K, reserved 1048576K
}
Event: 19.381 GC heap after
{Heap after GC invocations=26 (full 0):
 garbage-first heap   total 319488K, used 88397K [0x0000000080000000, 0x0000000100000000)
  region size 1024K, 15 young (15360K), 15 survivors (15360K)
 Metaspace       used 38412K, committed 39744K, reserved 1114112K
  class space    used 5350K, committed 6016K, reserved 1048576K
}
Event: 19.701 GC heap before
{Heap before GC invocations=26 (full 0):
 garbage-first heap   total 319488K, used 264525K [0x0000000080000000, 0x0000000100000000)
  region size 1024K, 187 young (191488K), 15 survivors (15360K)
 Metaspace       used 38412K, committed 39744K, reserved 1114112K
  class space    used 5350K, committed 6016K, reserved 1048576K
}
Event: 19.722 GC heap after
{Heap after GC invocations=27 (full 0):
 garbage-first heap   total 319488K, used 90825K [0x0000000080000000, 0x0000000100000000)
  region size 1024K, 15 young (15360K), 15 survivors (15360K)
 Metaspace       used 38412K, committed 39744K, reserved 1114112K
  class space    used 5350K, committed 6016K, reserved 1048576K
}
Event: 20.082 GC heap before
{Heap before GC invocations=27 (full 0):
 garbage-first heap   total 319488K, used 266953K [0x0000000080000000, 0x0000000100000000)
  region size 1024K, 187 young (191488K), 15 survivors (15360K)
 Metaspace       used 38414K, committed 39744K, reserved 1114112K
  class space    used 5350K, committed 6016K, reserved 1048576K
}
Event: 20.103 GC heap after
{Heap after GC invocations=28 (full 0):
 garbage-first heap   total 319488K, used 92398K [0x0000000080000000, 0x0000000100000000)
  region size 1024K, 14 young (14336K), 14 survivors (14336K)
 Metaspace       used 38414K, committed 39744K, reserved 1114112K
  class space    used 5350K, committed 6016K, reserved 1048576K
}
Event: 21.525 GC heap before
{Heap before GC invocations=28 (full 0):
 garbage-first heap   total 319488K, used 269550K [0x0000000080000000, 0x0000000100000000)
  region size 1024K, 187 young (191488K), 14 survivors (14336K)
 Metaspace       used 38414K, committed 39744K, reserved 1114112K
  class space    used 5350K, committed 6016K, reserved 1048576K
}
Event: 21.547 GC heap after
{Heap after GC invocations=29 (full 0):
 garbage-first heap   total 441344K, used 94258K [0x0000000080000000, 0x0000000100000000)
  region size 1024K, 14 young (14336K), 14 survivors (14336K)
 Metaspace       used 38414K, committed 39744K, reserved 1114112K
  class space    used 5350K, committed 6016K, reserved 1048576K
}
Event: 22.058 GC heap before
{Heap before GC invocations=29 (full 0):
 garbage-first heap   total 441344K, used 344114K [0x0000000080000000, 0x0000000100000000)
  region size 1024K, 258 young (264192K), 14 survivors (14336K)
 Metaspace       used 38414K, committed 39744K, reserved 1114112K
  class space    used 5350K, committed 6016K, reserved 1048576K
}
Event: 22.078 GC heap after
{Heap after GC invocations=30 (full 0):
 garbage-first heap   total 441344K, used 96541K [0x0000000080000000, 0x0000000100000000)
  region size 1024K, 16 young (16384K), 16 survivors (16384K)
 Metaspace       used 38414K, committed 39744K, reserved 1114112K
  class space    used 5350K, committed 6016K, reserved 1048576K
}
Event: 22.469 GC heap before
{Heap before GC invocations=30 (full 0):
 garbage-first heap   total 441344K, used 344349K [0x0000000080000000, 0x0000000100000000)
  region size 1024K, 258 young (264192K), 16 survivors (16384K)
 Metaspace       used 38414K, committed 39744K, reserved 1114112K
  class space    used 5350K, committed 6016K, reserved 1048576K
}
Event: 22.491 GC heap after
{Heap after GC invocations=31 (full 0):
 garbage-first heap   total 441344K, used 98853K [0x0000000080000000, 0x0000000100000000)
  region size 1024K, 18 young (18432K), 18 survivors (18432K)
 Metaspace       used 38414K, committed 39744K, reserved 1114112K
  class space    used 5350K, committed 6016K, reserved 1048576K
}
Event: 22.929 GC heap before
{Heap before GC invocations=31 (full 0):
 garbage-first heap   total 441344K, used 344613K [0x0000000080000000, 0x0000000100000000)
  region size 1024K, 258 young (264192K), 18 survivors (18432K)
 Metaspace       used 38414K, committed 39744K, reserved 1114112K
  class space    used 5350K, committed 6016K, reserved 1048576K
}
Event: 22.953 GC heap after
{Heap after GC invocations=32 (full 0):
 garbage-first heap   total 441344K, used 102208K [0x0000000080000000, 0x0000000100000000)
  region size 1024K, 19 young (19456K), 19 survivors (19456K)
 Metaspace       used 38414K, committed 39744K, reserved 1114112K
  class space    used 5350K, committed 6016K, reserved 1048576K
}
Event: 23.378 GC heap before
{Heap before GC invocations=32 (full 0):
 garbage-first heap   total 441344K, used 360256K [0x0000000080000000, 0x0000000100000000)
  region size 1024K, 258 young (264192K), 19 survivors (19456K)
 Metaspace       used 38414K, committed 39744K, reserved 1114112K
  class space    used 5350K, committed 6016K, reserved 1048576K
}
Event: 23.405 GC heap after
{Heap after GC invocations=33 (full 0):
 garbage-first heap   total 441344K, used 104555K [0x0000000080000000, 0x0000000100000000)
  region size 1024K, 20 young (20480K), 20 survivors (20480K)
 Metaspace       used 38414K, committed 39744K, reserved 1114112K
  class space    used 5350K, committed 6016K, reserved 1048576K
}
Event: 23.891 GC heap before
{Heap before GC invocations=33 (full 0):
 garbage-first heap   total 441344K, used 357483K [0x0000000080000000, 0x0000000100000000)
  region size 1024K, 258 young (264192K), 20 survivors (20480K)
 Metaspace       used 38427K, committed 39744K, reserved 1114112K
  class space    used 5350K, committed 6016K, reserved 1048576K
}

