# JRE version: Java(TM) SE Runtime Environment (18.0.1.1+2) (build 18.0.1.1+2-6)
# Java VM: Java HotSpot(TM) 64-Bit Server VM (18.0.1.1+2-6, mixed mode, sharing, tiered, compressed oops, compressed class ptrs, g1 gc, windows-amd64)
GC Precious Log:
 CardTable entry size: 512
 Card Set container configuration: InlinePtr #cards 5 size 8 Array Of Cards #cards 12 size 40 Howl #buckets 4 coarsen threshold 1843 Howl Bitmap #cards 512 size 80 coarsen threshold 460 Card regions per heap region 1 cards per card region 2048
 CPUs: 12 total, 12 available
 Memory: 7947M
 Large Page Support: Disabled
 NUMA Support: Disabled
 Compressed Oops: Enabled (32-bit)
 Heap Region Size: 1M
 Heap Min Capacity: 8M
 Heap Initial Capacity: 126M
 Heap Max Capacity: 2G
 Pre-touch: Disabled
 Parallel Workers: 10
 Concurrent Workers: 3
 Concurrent Refinement Workers: 10
 Periodic GC: Disabled
Heap:
 garbage-first heap   total 249856K, used 136895K [0x0000000080000000, 0x0000000100000000)
  region size 1024K, 5 young (5120K), 5 survivors (5120K)
 Metaspace       used 106189K, committed 108288K, reserved 1179648K
  class space    used 14023K, committed 15104K, reserved 1048576K
GC Heap History (20 events):
Event: 16.654 GC heap after
{Heap after GC invocations=19 (full 0):
 garbage-first heap   total 203776K, used 101498K [0x0000000080000000, 0x0000000100000000)
  region size 1024K, 10 young (10240K), 10 survivors (10240K)
 Metaspace       used 85909K, committed 87872K, reserved 1179648K
  class space    used 11670K, committed 12672K, reserved 1048576K
}
Event: 17.087 GC heap before
{Heap before GC invocations=19 (full 0):
 garbage-first heap   total 203776K, used 164986K [0x0000000080000000, 0x0000000100000000)
  region size 1024K, 73 young (74752K), 10 survivors (10240K)
 Metaspace       used 86817K, committed 88704K, reserved 1179648K
  class space    used 11759K, committed 12736K, reserved 1048576K
}
Event: 17.101 GC heap after
{Heap after GC invocations=20 (full 0):
 garbage-first heap   total 203776K, used 112340K [0x0000000080000000, 0x0000000100000000)
  region size 1024K, 10 young (10240K), 10 survivors (10240K)
 Metaspace       used 86817K, committed 88704K, reserved 1179648K
  class space    used 11759K, committed 12736K, reserved 1048576K
}
Event: 17.812 GC heap before
{Heap before GC invocations=21 (full 0):
 garbage-first heap   total 203776K, used 163540K [0x0000000080000000, 0x0000000100000000)
  region size 1024K, 61 young (62464K), 10 survivors (10240K)
 Metaspace       used 90221K, committed 92224K, reserved 1179648K
  class space    used 12296K, committed 13312K, reserved 1048576K
}
Event: 17.824 GC heap after
{Heap after GC invocations=22 (full 0):
 garbage-first heap   total 203776K, used 119364K [0x0000000080000000, 0x0000000100000000)
  region size 1024K, 7 young (7168K), 7 survivors (7168K)
 Metaspace       used 90221K, committed 92224K, reserved 1179648K
  class space    used 12296K, committed 13312K, reserved 1048576K
}
Event: 17.828 GC heap before
{Heap before GC invocations=22 (full 0):
 garbage-first heap   total 203776K, used 121412K [0x0000000080000000, 0x0000000100000000)
  region size 1024K, 9 young (9216K), 7 survivors (7168K)
 Metaspace       used 90224K, committed 92224K, reserved 1179648K
  class space    used 12296K, committed 13312K, reserved 1048576K
}
Event: 17.833 GC heap after
{Heap after GC invocations=23 (full 0):
 garbage-first heap   total 203776K, used 120078K [0x0000000080000000, 0x0000000100000000)
  region size 1024K, 2 young (2048K), 2 survivors (2048K)
 Metaspace       used 90224K, committed 92224K, reserved 1179648K
  class space    used 12296K, committed 13312K, reserved 1048576K
}
Event: 18.157 GC heap before
{Heap before GC invocations=23 (full 0):
 garbage-first heap   total 203776K, used 166158K [0x0000000080000000, 0x0000000100000000)
  region size 1024K, 48 young (49152K), 2 survivors (2048K)
 Metaspace       used 90805K, committed 92800K, reserved 1179648K
  class space    used 12342K, committed 13376K, reserved 1048576K
}
Event: 18.161 GC heap after
{Heap after GC invocations=24 (full 0):
 garbage-first heap   total 203776K, used 122068K [0x0000000080000000, 0x0000000100000000)
  region size 1024K, 4 young (4096K), 4 survivors (4096K)
 Metaspace       used 90805K, committed 92800K, reserved 1179648K
  class space    used 12342K, committed 13376K, reserved 1048576K
}
Event: 18.687 GC heap before
{Heap before GC invocations=25 (full 0):
 garbage-first heap   total 227328K, used 168148K [0x0000000080000000, 0x0000000100000000)
  region size 1024K, 50 young (51200K), 4 survivors (4096K)
 Metaspace       used 94441K, committed 96384K, reserved 1179648K
  class space    used 12798K, committed 13824K, reserved 1048576K
}
Event: 18.694 GC heap after
{Heap after GC invocations=26 (full 0):
 garbage-first heap   total 227328K, used 125255K [0x0000000080000000, 0x0000000100000000)
  region size 1024K, 7 young (7168K), 7 survivors (7168K)
 Metaspace       used 94441K, committed 96384K, reserved 1179648K
  class space    used 12798K, committed 13824K, reserved 1048576K
}
Event: 18.763 GC heap before
{Heap before GC invocations=26 (full 0):
 garbage-first heap   total 227328K, used 128327K [0x0000000080000000, 0x0000000100000000)
  region size 1024K, 11 young (11264K), 7 survivors (7168K)
 Metaspace       used 95075K, committed 96960K, reserved 1179648K
  class space    used 12884K, committed 13888K, reserved 1048576K
}
Event: 18.768 GC heap after
{Heap after GC invocations=27 (full 0):
 garbage-first heap   total 227328K, used 124990K [0x0000000080000000, 0x0000000100000000)
  region size 1024K, 2 young (2048K), 2 survivors (2048K)
 Metaspace       used 95075K, committed 96960K, reserved 1179648K
  class space    used 12884K, committed 13888K, reserved 1048576K
}
Event: 19.319 GC heap before
{Heap before GC invocations=27 (full 0):
 garbage-first heap   total 227328K, used 184382K [0x0000000080000000, 0x0000000100000000)
  region size 1024K, 61 young (62464K), 2 survivors (2048K)
 Metaspace       used 97362K, committed 99264K, reserved 1179648K
  class space    used 13120K, committed 14144K, reserved 1048576K
}
Event: 19.324 GC heap after
{Heap after GC invocations=28 (full 0):
 garbage-first heap   total 227328K, used 129197K [0x0000000080000000, 0x0000000100000000)
  region size 1024K, 6 young (6144K), 6 survivors (6144K)
 Metaspace       used 97362K, committed 99264K, reserved 1179648K
  class space    used 13120K, committed 14144K, reserved 1048576K
}
Event: 20.147 GC heap before
{Heap before GC invocations=29 (full 0):
 garbage-first heap   total 249856K, used 184493K [0x0000000080000000, 0x0000000100000000)
  region size 1024K, 61 young (62464K), 6 survivors (6144K)
 Metaspace       used 101382K, committed 103488K, reserved 1179648K
  class space    used 13614K, committed 14720K, reserved 1048576K
}
Event: 20.154 GC heap after
{Heap after GC invocations=30 (full 0):
 garbage-first heap   total 249856K, used 132929K [0x0000000080000000, 0x0000000100000000)
  region size 1024K, 4 young (4096K), 4 survivors (4096K)
 Metaspace       used 101382K, committed 103488K, reserved 1179648K
  class space    used 13614K, committed 14720K, reserved 1048576K
}
Event: 20.404 GC heap before
{Heap before GC invocations=30 (full 0):
 garbage-first heap   total 249856K, used 140097K [0x0000000080000000, 0x0000000100000000)
  region size 1024K, 12 young (12288K), 4 survivors (4096K)
 Metaspace       used 101541K, committed 103616K, reserved 1179648K
  class space    used 13614K, committed 14720K, reserved 1048576K
}
Event: 20.409 GC heap after
{Heap after GC invocations=31 (full 0):
 garbage-first heap   total 249856K, used 134472K [0x0000000080000000, 0x0000000100000000)
  region size 1024K, 2 young (2048K), 2 survivors (2048K)
 Metaspace       used 101541K, committed 103616K, reserved 1179648K
  class space    used 13614K, committed 14720K, reserved 1048576K
}
Event: 21.774 GC heap before
{Heap before GC invocations=31 (full 0):
 garbage-first heap   total 249856K, used 203080K [0x0000000080000000, 0x0000000100000000)
  region size 1024K, 70 young (71680K), 2 survivors (2048K)
 Metaspace       used 106189K, committed 108288K, reserved 1179648K
  class space    used 14023K, committed 15104K, reserved 1048576K
}

